<?xml version="1.0" encoding="UTF-8"?>
<testsuite xmlns:xsi="http://www.w3.org/2001/XMLSchema-instance" xsi:noNamespaceSchemaLocation="https://maven.apache.org/surefire/maven-surefire-plugin/xsd/surefire-test-report-3.0.xsd" version="3.0" name="com.example.app.AppApplicationTests" time="10.931" tests="1" errors="0" skipped="0" failures="0">
  <properties>
[...]
</properties>
  <testcase name="contextLoads" classname="com.example.app.AppApplicationTests" time="1.115">
    <system-out><![CDATA[04:43:43.034 [main] INFO org.springframework.test.context.support.AnnotationConfigContextLoaderUtils -- Could not detect default configuration classes for test class [com.example.app.AppApplicationTests]: AppApplicationTests does not declare any static, non-private, non-final, nested classes annotated with @Configuration.
04:43:43.337 [main] INFO org.springframework.boot.test.context.SpringBootTestContextBootstrapper -- Found @SpringBootConfiguration com.example.app.AppApplication for test class com.example.app.AppApplicationTests

  .   ____          _            __ _ _
 /\\ / ___'_ __ _ _(_)_ __  __ _ \ \ \ \
( ( )\___ | '_ | '_| | '_ \/ _` | \ \ \ \
 \\/  ___)| |_)| | | | | || (_| |  ) ) ) )
  '  |____| .__|_| |_|_| |_\__, | / / / /
 =========|_|==============|___/=/_/_/_/
 :: Spring Boot ::                (v3.1.4)

2024-03-07T04:43:44.789-08:00  INFO 16616 --- [           main] com.example.app.AppApplicationTests      : Starting AppApplicationTests using Java 17.0.8.1 with PID 16616 (started by Paul in C:\personal\App-back)
2024-03-07T04:43:44.792-08:00  INFO 16616 --- [           main] com.example.app.AppApplicationTests      : No active profile set, falling back to 1 default profile: "default"
2024-03-07T04:43:46.315-08:00  INFO 16616 --- [           main] .s.d.r.c.RepositoryConfigurationDelegate : Bootstrapping Spring Data JPA repositories in DEFAULT mode.
2024-03-07T04:43:46.451-08:00  INFO 16616 --- [           main] .s.d.r.c.RepositoryConfigurationDelegate : Finished Spring Data repository scanning in 120 ms. Found 4 JPA repository interfaces.
2024-03-07T04:43:47.337-08:00  INFO 16616 --- [           main] o.hibernate.jpa.internal.util.LogHelper  : HHH000204: Processing PersistenceUnitInfo [name: default]
2024-03-07T04:43:47.526-08:00  INFO 16616 --- [           main] org.hibernate.Version                    : HHH000412: Hibernate ORM core version 6.2.9.Final
2024-03-07T04:43:47.532-08:00  INFO 16616 --- [           main] org.hibernate.cfg.Environment            : HHH000406: Using bytecode reflection optimizer
2024-03-07T04:43:47.969-08:00  INFO 16616 --- [           main] o.h.b.i.BytecodeProviderInitiator        : HHH000021: Bytecode provider name : bytebuddy
2024-03-07T04:43:48.274-08:00  INFO 16616 --- [           main] o.s.o.j.p.SpringPersistenceUnitInfo      : No LoadTimeWeaver setup: ignoring JPA class transformer
2024-03-07T04:43:48.309-08:00  INFO 16616 --- [           main] com.zaxxer.hikari.HikariDataSource       : HikariPool-1 - Starting...
2024-03-07T04:43:48.856-08:00  INFO 16616 --- [           main] com.zaxxer.hikari.pool.HikariPool        : HikariPool-1 - Added connection org.postgresql.jdbc.PgConnection@1201769d
2024-03-07T04:43:48.858-08:00  INFO 16616 --- [           main] com.zaxxer.hikari.HikariDataSource       : HikariPool-1 - Start completed.
2024-03-07T04:43:49.436-08:00  INFO 16616 --- [           main] o.h.b.i.BytecodeProviderInitiator        : HHH000021: Bytecode provider name : bytebuddy
2024-03-07T04:43:50.528-08:00  INFO 16616 --- [           main] o.h.e.t.j.p.i.JtaPlatformInitiator       : HHH000490: Using JtaPlatform implementation: [org.hibernate.engine.transaction.jta.platform.internal.NoJtaPlatform]
2024-03-07T04:43:50.688-08:00  INFO 16616 --- [           main] j.LocalContainerEntityManagerFactoryBean : Initialized JPA EntityManagerFactory for persistence unit 'default'
2024-03-07T04:43:51.423-08:00  WARN 16616 --- [           main] JpaBaseConfiguration$JpaWebConfiguration : spring.jpa.open-in-view is enabled by default. Therefore, database queries may be performed during view rendering. Explicitly configure spring.jpa.open-in-view to disable this warning
2024-03-07T04:43:51.863-08:00  WARN 16616 --- [           main] .s.s.UserDetailsServiceAutoConfiguration : 

Using generated security password: 69767ec5-2c68-45e1-a766-7fbb303eaf86

This generated password is for development use only. Your security configuration must be updated before running your application in production.

2024-03-07T04:43:52.066-08:00  INFO 16616 --- [           main] o.s.s.web.DefaultSecurityFilterChain     : Will secure any request with [org.springframework.security.web.session.DisableEncodeUrlFilter@4806fbf7, org.springframework.security.web.context.request.async.WebAsyncManagerIntegrationFilter@4280b20b, org.springframework.security.web.context.SecurityContextHolderFilter@4202276, org.springframework.security.web.header.HeaderWriterFilter@52b32622, org.springframework.security.web.authentication.logout.LogoutFilter@5cea47a1, com.example.app.security.configJWT.JwtAuthenticationFilter@33239d72, org.springframework.security.web.savedrequest.RequestCacheAwareFilter@34588991, org.springframework.security.web.servletapi.SecurityContextHolderAwareRequestFilter@3d01b609, org.springframework.security.web.authentication.AnonymousAuthenticationFilter@50e4d8cd, org.springframework.security.web.session.SessionManagementFilter@2e015ac1, org.springframework.security.web.access.ExceptionTranslationFilter@77fecd2c, org.springframework.security.web.access.intercept.FilterSecurityInterceptor@54fd5759]
2024-03-07T04:43:52.458-08:00  INFO 16616 --- [           main] com.example.app.AppApplicationTests      : Started AppApplicationTests in 8.663 seconds (process running for 11.173)
]]></system-out>
  </testcase>
</testsuite>